<?xml version="1.0" encoding="UTF-8"?>
<!-- Generated by org.testng.reporters.JUnitReportReporter -->
<testsuite skipped="0" hostname="Kaluaracchi" name="HomeWork.ExerciseExcelRead" tests="1" failures="0" timestamp="25 Jan 2019 18:56:01 GMT" time="19.346" errors="0">
  <testcase name="testAdd" time="19.346" classname="HomeWork.ExerciseExcelRead"/>
</testsuite> <!-- HomeWork.ExerciseExcelRead -->
